<?xml version="1.0" encoding="UTF-8"?>
<!-- Generated by org.testng.reporters.JUnitReportReporter -->
<testsuite hostname="Shihab" name="test.LoginTest" tests="1" failures="0" timestamp="9 Jul 2023 17:57:54 GMT" time="4.493" errors="0">
  <testcase name="validUserShouldBeAbleToLogin" time="4.493" classname="test.LoginTest"/>
</testsuite> <!-- test.LoginTest -->
