<?xml version="1.0" encoding="UTF-8"?>
<!-- Generated by org.testng.reporters.JUnitReportReporter -->
<testsuite hostname="Shihab" name="util.BrowserFactory" tests="1" failures="0" timestamp="9 Jul 2023 16:01:35 GMT" time="2.954" errors="0">
  <testcase name="init" time="2.954" classname="util.BrowserFactory"/>
</testsuite> <!-- util.BrowserFactory -->
