<?xml version="1.0" encoding="UTF-8"?>
<!-- Generated by org.testng.reporters.JUnitReportReporter -->
<testsuite hostname="Shihab" name="test.AddCustomerTest" tests="1" failures="0" timestamp="9 Jul 2023 18:30:05 GMT" time="6.883" errors="0">
  <testcase name="userShouldBeAbleToAddCustomer" time="6.883" classname="test.AddCustomerTest"/>
</testsuite> <!-- test.AddCustomerTest -->
